<?xml version="1.0" encoding="UTF-8"?>
<testng-results skipped="0" failed="0" ignored="0" total="1" passed="1">
  <reporter-output>
  </reporter-output>
  <suite name="Suite" duration-ms="29152" started-at="2020-07-09T17:44:02 IST" finished-at="2020-07-09T17:44:32 IST">
    <groups>
    </groups>
    <test name="TestChrome" duration-ms="29152" started-at="2020-07-09T17:44:02 IST" finished-at="2020-07-09T17:44:32 IST">
      <class name="com.Scripts.testLoginPage">
        <test-method status="PASS" signature="launchBrowser(java.lang.String)[pri:0, instance:com.Scripts.testLoginPage@7494e528]" name="launchBrowser" is-config="true" duration-ms="9637" started-at="2020-07-09T17:44:02 IST" finished-at="2020-07-09T17:44:12 IST">
          <params>
            <param index="0">
              <value>
                <![CDATA[chrome]]>
              </value>
            </param>
          </params>
          <reporter-output>
          </reporter-output>
        </test-method> <!-- launchBrowser -->
        <test-method status="PASS" signature="openApplication()[pri:0, instance:com.Scripts.testLoginPage@7494e528]" name="openApplication" is-config="true" duration-ms="9745" started-at="2020-07-09T17:44:12 IST" finished-at="2020-07-09T17:44:22 IST">
          <reporter-output>
          </reporter-output>
        </test-method> <!-- openApplication -->
        <test-method status="PASS" signature="validLogin()[pri:0, instance:com.Scripts.testLoginPage@7494e528]" name="validLogin" duration-ms="9626" started-at="2020-07-09T17:44:22 IST" finished-at="2020-07-09T17:44:32 IST">
          <reporter-output>
          </reporter-output>
        </test-method> <!-- validLogin -->
        <test-method status="PASS" signature="closeApp(org.testng.ITestResult)[pri:0, instance:com.Scripts.testLoginPage@7494e528]" name="closeApp" is-config="true" duration-ms="0" started-at="2020-07-09T17:44:32 IST" finished-at="2020-07-09T17:44:32 IST">
          <params>
            <param index="0">
              <value>
                <![CDATA[[TestResult name=validLogin status=SUCCESS method=testLoginPage.validLogin()[pri:0, instance:com.Scripts.testLoginPage@7494e528] output={null}]]]>
              </value>
            </param>
          </params>
          <reporter-output>
          </reporter-output>
        </test-method> <!-- closeApp -->
      </class> <!-- com.Scripts.testLoginPage -->
    </test> <!-- TestChrome -->
  </suite> <!-- Suite -->
</testng-results>
